# JRE version: Java(TM) SE Runtime Environment (8.0_91-b14) (build 1.8.0_91-b14)
# Java VM: Java HotSpot(TM) 64-Bit Server VM (25.91-b14 mixed mode windows-amd64 compressed oops)
Heap:
 PSYoungGen      total 310272K, used 232243K [0x00000000eab00000, 0x0000000100000000, 0x0000000100000000)
  eden space 271360K, 79% used [0x00000000eab00000,0x00000000f7d9e5b8,0x00000000fb400000)
  from space 38912K, 42% used [0x00000000fb400000,0x00000000fc42e650,0x00000000fda00000)
  to   space 37376K, 0% used [0x00000000fdb80000,0x00000000fdb80000,0x0000000100000000)
 ParOldGen       total 212480K, used 70759K [0x00000000c0000000, 0x00000000ccf80000, 0x00000000eab00000)
  object space 212480K, 33% used [0x00000000c0000000,0x00000000c4519d98,0x00000000ccf80000)
 Metaspace       used 72263K, capacity 75214K, committed 75520K, reserved 1114112K
  class space    used 9532K, capacity 10114K, committed 10240K, reserved 1048576K
GC Heap History (10 events):
Event: 1332.943 GC heap before
{Heap before GC invocations=23 (full 5):
 PSYoungGen      total 271360K, used 249344K [0x00000000eab00000, 0x00000000fca80000, 0x0000000100000000)
  eden space 249344K, 100% used [0x00000000eab00000,0x00000000f9e80000,0x00000000f9e80000)
  from space 22016K, 0% used [0x00000000f9e80000,0x00000000f9e80000,0x00000000fb400000)
  to   space 22528K, 0% used [0x00000000fb480000,0x00000000fb480000,0x00000000fca80000)
 ParOldGen       total 212480K, used 34689K [0x00000000c0000000, 0x00000000ccf80000, 0x00000000eab00000)
  object space 212480K, 16% used [0x00000000c0000000,0x00000000c21e04d0,0x00000000ccf80000)
 Metaspace       used 54662K, capacity 56816K, committed 57216K, reserved 1099776K
  class space    used 7106K, capacity 7431K, committed 7552K, reserved 1048576K
Event: 1332.959 GC heap after
Heap after GC invocations=23 (full 5):
 PSYoungGen      total 270336K, used 20083K [0x00000000eab00000, 0x00000000ffc80000, 0x0000000100000000)
  eden space 247808K, 0% used [0x00000000eab00000,0x00000000eab00000,0x00000000f9d00000)
  from space 22528K, 89% used [0x00000000fb480000,0x00000000fc81cfb0,0x00000000fca80000)
  to   space 24064K, 0% used [0x00000000f9d00000,0x00000000f9d00000,0x00000000fb480000)
 ParOldGen       total 212480K, used 34697K [0x00000000c0000000, 0x00000000ccf80000, 0x00000000eab00000)
  object space 212480K, 16% used [0x00000000c0000000,0x00000000c21e24d0,0x00000000ccf80000)
 Metaspace       used 54662K, capacity 56816K, committed 57216K, reserved 1099776K
  class space    used 7106K, capacity 7431K, committed 7552K, reserved 1048576K
}
Event: 1369.027 GC heap before
{Heap before GC invocations=24 (full 5):
 PSYoungGen      total 270336K, used 267891K [0x00000000eab00000, 0x00000000ffc80000, 0x0000000100000000)
  eden space 247808K, 100% used [0x00000000eab00000,0x00000000f9d00000,0x00000000f9d00000)
  from space 22528K, 89% used [0x00000000fb480000,0x00000000fc81cfb0,0x00000000fca80000)
  to   space 24064K, 0% used [0x00000000f9d00000,0x00000000f9d00000,0x00000000fb480000)
 ParOldGen       total 212480K, used 34697K [0x00000000c0000000, 0x00000000ccf80000, 0x00000000eab00000)
  object space 212480K, 16% used [0x00000000c0000000,0x00000000c21e24d0,0x00000000ccf80000)
 Metaspace       used 60020K, capacity 62462K, committed 62720K, reserved 1103872K
  class space    used 7933K, capacity 8361K, committed 8448K, reserved 1048576K
Event: 1369.077 GC heap after
Heap after GC invocations=24 (full 5):
 PSYoungGen      total 271872K, used 24044K [0x00000000eab00000, 0x0000000100000000, 0x0000000100000000)
  eden space 247808K, 0% used [0x00000000eab00000,0x00000000eab00000,0x00000000f9d00000)
  from space 24064K, 99% used [0x00000000f9d00000,0x00000000fb47b3c8,0x00000000fb480000)
  to   space 30720K, 0% used [0x00000000fe200000,0x00000000fe200000,0x0000000100000000)
 ParOldGen       total 212480K, used 44920K [0x00000000c0000000, 0x00000000ccf80000, 0x00000000eab00000)
  object space 212480K, 21% used [0x00000000c0000000,0x00000000c2bde1b8,0x00000000ccf80000)
 Metaspace       used 60020K, capacity 62462K, committed 62720K, reserved 1103872K
  class space    used 7933K, capacity 8361K, committed 8448K, reserved 1048576K
}
Event: 1515.185 GC heap before
{Heap before GC invocations=25 (full 5):
 PSYoungGen      total 271872K, used 256677K [0x00000000eab00000, 0x0000000100000000, 0x0000000100000000)
  eden space 247808K, 93% used [0x00000000eab00000,0x00000000f8e2e248,0x00000000f9d00000)
  from space 24064K, 99% used [0x00000000f9d00000,0x00000000fb47b3c8,0x00000000fb480000)
  to   space 30720K, 0% used [0x00000000fe200000,0x00000000fe200000,0x0000000100000000)
 ParOldGen       total 212480K, used 44920K [0x00000000c0000000, 0x00000000ccf80000, 0x00000000eab00000)
  object space 212480K, 21% used [0x00000000c0000000,0x00000000c2bde1b8,0x00000000ccf80000)
 Metaspace       used 63582K, capacity 66218K, committed 66304K, reserved 1105920K
  class space    used 8445K, capacity 8912K, committed 8960K, reserved 1048576K
Event: 1515.304 GC heap after
Heap after GC invocations=25 (full 5):
 PSYoungGen      total 302080K, used 30697K [0x00000000eab00000, 0x0000000100000000, 0x0000000100000000)
  eden space 271360K, 0% used [0x00000000eab00000,0x00000000eab00000,0x00000000fb400000)
  from space 30720K, 99% used [0x00000000fe200000,0x00000000ffffa5c0,0x0000000100000000)
  to   space 38912K, 0% used [0x00000000fb400000,0x00000000fb400000,0x00000000fda00000)
 ParOldGen       total 212480K, used 56694K [0x00000000c0000000, 0x00000000ccf80000, 0x00000000eab00000)
  object space 212480K, 26% used [0x00000000c0000000,0x00000000c375d8d8,0x00000000ccf80000)
 Metaspace       used 63582K, capacity 66218K, committed 66304K, reserved 1105920K
  class space    used 8445K, capacity 8912K, committed 8960K, reserved 1048576K
}
Event: 1515.304 GC heap before
{Heap before GC invocations=26 (full 6):
 PSYoungGen      total 302080K, used 30697K [0x00000000eab00000, 0x0000000100000000, 0x0000000100000000)
  eden space 271360K, 0% used [0x00000000eab00000,0x00000000eab00000,0x00000000fb400000)
  from space 30720K, 99% used [0x00000000fe200000,0x00000000ffffa5c0,0x0000000100000000)
  to   space 38912K, 0% used [0x00000000fb400000,0x00000000fb400000,0x00000000fda00000)
 ParOldGen       total 212480K, used 56694K [0x00000000c0000000, 0x00000000ccf80000, 0x00000000eab00000)
  object space 212480K, 26% used [0x00000000c0000000,0x00000000c375d8d8,0x00000000ccf80000)
 Metaspace       used 63582K, capacity 66218K, committed 66304K, reserved 1105920K
  class space    used 8445K, capacity 8912K, committed 8960K, reserved 1048576K
Event: 1515.585 GC heap after
Heap after GC invocations=26 (full 6):
 PSYoungGen      total 302080K, used 0K [0x00000000eab00000, 0x0000000100000000, 0x0000000100000000)
  eden space 271360K, 0% used [0x00000000eab00000,0x00000000eab00000,0x00000000fb400000)
  from space 30720K, 0% used [0x00000000fe200000,0x00000000fe200000,0x0000000100000000)
  to   space 38912K, 0% used [0x00000000fb400000,0x00000000fb400000,0x00000000fda00000)
 ParOldGen       total 212480K, used 70751K [0x00000000c0000000, 0x00000000ccf80000, 0x00000000eab00000)
  object space 212480K, 33% used [0x00000000c0000000,0x00000000c4517d98,0x00000000ccf80000)
 Metaspace       used 63473K, capacity 65948K, committed 66304K, reserved 1105920K
  class space    used 8413K, capacity 8846K, committed 8960K, reserved 1048576K
}
Event: 1520.392 GC heap before
{Heap before GC invocations=27 (full 6):
 PSYoungGen      total 302080K, used 271360K [0x00000000eab00000, 0x0000000100000000, 0x0000000100000000)
  eden space 271360K, 100% used [0x00000000eab00000,0x00000000fb400000,0x00000000fb400000)
  from space 30720K, 0% used [0x00000000fe200000,0x00000000fe200000,0x0000000100000000)
  to   space 38912K, 0% used [0x00000000fb400000,0x00000000fb400000,0x00000000fda00000)
 ParOldGen       total 212480K, used 70751K [0x00000000c0000000, 0x00000000ccf80000, 0x00000000eab00000)
  object space 212480K, 33% used [0x00000000c0000000,0x00000000c4517d98,0x00000000ccf80000)
 Metaspace       used 63633K, capacity 66208K, committed 66304K, reserved 1105920K
  class space    used 8434K, capacity 8872K, committed 8960K, reserved 1048576K
Event: 1520.412 GC heap after
Heap after GC invocations=27 (full 6):
 PSYoungGen      total 310272K, used 16569K [0x00000000eab00000, 0x0000000100000000, 0x0000000100000000)
  eden space 271360K, 0% used [0x00000000eab00000,0x00000000eab00000,0x00000000fb400000)
  from space 38912K, 42% used [0x00000000fb400000,0x00000000fc42e650,0x00000000fda00000)
  to   space 37376K, 0% used [0x00000000fdb80000,0x00000000fdb80000,0x0000000100000000)
 ParOldGen       total 212480K, used 70759K [0x00000000c0000000, 0x00000000ccf80000, 0x00000000eab00000)
  object space 212480K, 33% used [0x00000000c0000000,0x00000000c4519d98,0x00000000ccf80000)
 Metaspace       used 63633K, capacity 66208K, committed 66304K, reserved 1105920K
  class space    used 8434K, capacity 8872K, committed 8960K, reserved 1048576K
}

